app/build/intermediates/manifest_merge_blame_file/release/manifest-merger-blame-release-report.txt
1<?xml version="1.0" encoding="utf-8"?>
2<manifest xmlns:android="http://schemas.android.com/apk/res/android"
3    package="com.example.jotno"
4    android:versionCode="1"
5    android:versionName="1.0" >
6
7    <uses-sdk
8        android:minSdkVersion="16"
8-->src\main\AndroidManifest.xml
9        android:targetSdkVersion="30" />
9-->src\main\AndroidManifest.xml
10
11    <!-- Although the *SdkVersion is captured in gradle build files, this is required for non gradle builds -->
12    <!-- <uses-sdk android:minSdkVersion="14"/> -->
13    <uses-permission android:name="android.permission.ACCESS_NETWORK_STATE" />
13-->[com.google.firebase:firebase-database:19.6.0] AndroidManifest.xml:25:5-79
13-->[com.google.firebase:firebase-database:19.6.0] AndroidManifest.xml:25:22-76
14    <uses-permission android:name="android.permission.INTERNET" /> <!-- Optional permission for App measurement to run. -->
14-->[com.google.firebase:firebase-database:19.6.0] AndroidManifest.xml:26:5-67
14-->[com.google.firebase:firebase-database:19.6.0] AndroidManifest.xml:26:22-64
15    <uses-permission android:name="android.permission.WAKE_LOCK" />
15-->[com.google.firebase:firebase-analytics:9.0.0] AndroidManifest.xml:24:5-67
15-->[com.google.firebase:firebase-analytics:9.0.0] AndroidManifest.xml:24:22-65
16    <uses-permission android:name="com.google.android.c2dm.permission.RECEIVE" />
16-->[com.google.firebase:firebase-iid:9.0.0] AndroidManifest.xml:23:5-82
16-->[com.google.firebase:firebase-iid:9.0.0] AndroidManifest.xml:23:22-79
17
18    <permission
18-->[com.google.firebase:firebase-iid:9.0.0] AndroidManifest.xml:25:5-26:47
19        android:name="com.example.jotno.permission.C2D_MESSAGE"
19-->[com.google.firebase:firebase-iid:9.0.0] AndroidManifest.xml:25:17-71
20        android:protectionLevel="signature" />
20-->[com.google.firebase:firebase-iid:9.0.0] AndroidManifest.xml:26:9-44
21
22    <uses-permission android:name="com.example.jotno.permission.C2D_MESSAGE" />
22-->[com.google.firebase:firebase-iid:9.0.0] AndroidManifest.xml:28:5-79
22-->[com.google.firebase:firebase-iid:9.0.0] AndroidManifest.xml:28:22-76
23
24    <application
24-->src\main\AndroidManifest.xml:5:5-28:19
25        android:name="androidx.multidex.MultiDexApplication"
26        android:allowBackup="true"
26-->src\main\AndroidManifest.xml:6:9-35
27        android:appComponentFactory="androidx.core.app.CoreComponentFactory"
27-->[androidx.core:core:1.3.0] AndroidManifest.xml:24:18-86
28        android:icon="@mipmap/ic_launcher"
28-->src\main\AndroidManifest.xml:7:9-43
29        android:label="@string/app_name"
29-->src\main\AndroidManifest.xml:8:9-41
30        android:roundIcon="@mipmap/ic_launcher_round"
30-->src\main\AndroidManifest.xml:9:9-54
31        android:supportsRtl="true"
31-->src\main\AndroidManifest.xml:10:9-35
32        android:testOnly="true"
33        android:theme="@style/AppTheme" >
33-->src\main\AndroidManifest.xml:11:9-40
34        <activity android:name="com.example.jotno.Data_Loading_Screen" />
34-->src\main\AndroidManifest.xml:12:9-57
34-->src\main\AndroidManifest.xml:12:19-54
35        <activity android:name="com.example.jotno.Data_base" />
35-->src\main\AndroidManifest.xml:13:9-47
35-->src\main\AndroidManifest.xml:13:19-44
36        <activity android:name="com.example.jotno.MainActivity" />
36-->src\main\AndroidManifest.xml:14:9-50
36-->src\main\AndroidManifest.xml:14:19-47
37        <activity android:name="com.example.jotno.Tutor_profile" />
37-->src\main\AndroidManifest.xml:15:9-51
37-->src\main\AndroidManifest.xml:15:19-48
38        <activity android:name="com.example.jotno.Available_tutors" />
38-->src\main\AndroidManifest.xml:16:9-54
38-->src\main\AndroidManifest.xml:16:19-51
39        <activity android:name="com.example.jotno.New_profile" />
39-->src\main\AndroidManifest.xml:17:9-49
39-->src\main\AndroidManifest.xml:17:19-46
40        <activity android:name="com.example.jotno.Registration_page" />
40-->src\main\AndroidManifest.xml:18:9-55
40-->src\main\AndroidManifest.xml:18:19-52
41        <activity android:name="com.example.jotno.profile" />
41-->src\main\AndroidManifest.xml:19:9-45
41-->src\main\AndroidManifest.xml:19:19-42
42        <activity android:name="com.example.jotno.Login_page" />
42-->src\main\AndroidManifest.xml:20:9-48
42-->src\main\AndroidManifest.xml:20:19-45
43        <activity android:name="com.example.jotno.OpeningScreen" >
43-->src\main\AndroidManifest.xml:21:9-27:20
43-->src\main\AndroidManifest.xml:21:19-48
44            <intent-filter>
44-->src\main\AndroidManifest.xml:22:13-26:29
45                <action android:name="android.intent.action.MAIN" />
45-->src\main\AndroidManifest.xml:23:17-69
45-->src\main\AndroidManifest.xml:23:25-66
46
47                <category android:name="android.intent.category.LAUNCHER" />
47-->src\main\AndroidManifest.xml:25:17-77
47-->src\main\AndroidManifest.xml:25:27-74
48            </intent-filter>
49        </activity>
50
51        <service
51-->[com.google.firebase:firebase-database:19.6.0] AndroidManifest.xml:29:9-35:19
52            android:name="com.google.firebase.components.ComponentDiscoveryService"
52-->[com.google.firebase:firebase-database:19.6.0] AndroidManifest.xml:30:13-84
53            android:directBootAware="true"
53-->[com.google.firebase:firebase-common:19.5.0] AndroidManifest.xml:35:13-43
54            android:exported="false" >
54-->[com.google.firebase:firebase-database:19.6.0] AndroidManifest.xml:31:13-37
55            <meta-data
55-->[com.google.firebase:firebase-database:19.6.0] AndroidManifest.xml:32:13-34:85
56                android:name="com.google.firebase.components:com.google.firebase.database.DatabaseRegistrar"
56-->[com.google.firebase:firebase-database:19.6.0] AndroidManifest.xml:33:17-109
57                android:value="com.google.firebase.components.ComponentRegistrar" />
57-->[com.google.firebase:firebase-database:19.6.0] AndroidManifest.xml:34:17-82
58            <meta-data
58-->[com.google.firebase:firebase-auth:20.0.2] AndroidManifest.xml:77:13-79:85
59                android:name="com.google.firebase.components:com.google.firebase.auth.FirebaseAuthRegistrar"
59-->[com.google.firebase:firebase-auth:20.0.2] AndroidManifest.xml:78:17-109
60                android:value="com.google.firebase.components.ComponentRegistrar" />
60-->[com.google.firebase:firebase-auth:20.0.2] AndroidManifest.xml:79:17-82
61            <meta-data
61-->[com.google.firebase:firebase-firestore:22.0.2] AndroidManifest.xml:20:13-22:85
62                android:name="com.google.firebase.components:com.google.firebase.firestore.FirestoreRegistrar"
62-->[com.google.firebase:firebase-firestore:22.0.2] AndroidManifest.xml:21:17-111
63                android:value="com.google.firebase.components.ComponentRegistrar" />
63-->[com.google.firebase:firebase-firestore:22.0.2] AndroidManifest.xml:22:17-82
64            <meta-data
64-->[com.google.firebase:firebase-storage:19.2.1] AndroidManifest.xml:33:13-35:85
65                android:name="com.google.firebase.components:com.google.firebase.storage.StorageRegistrar"
65-->[com.google.firebase:firebase-storage:19.2.1] AndroidManifest.xml:34:17-107
66                android:value="com.google.firebase.components.ComponentRegistrar" />
66-->[com.google.firebase:firebase-storage:19.2.1] AndroidManifest.xml:35:17-82
67            <!--
68                This registrar is not defined in the dynamic-module-support sdk itself to allow non-firebase
69                clients to use it as well, by defining this registrar in their own core/common library.
70            -->
71            <meta-data
71-->[com.google.firebase:firebase-common:19.5.0] AndroidManifest.xml:43:13-45:85
72                android:name="com.google.firebase.components:com.google.firebase.dynamicloading.DynamicLoadingRegistrar"
72-->[com.google.firebase:firebase-common:19.5.0] AndroidManifest.xml:44:17-121
73                android:value="com.google.firebase.components.ComponentRegistrar" />
73-->[com.google.firebase:firebase-common:19.5.0] AndroidManifest.xml:45:17-82
74        </service>
75
76        <activity
76-->[com.google.firebase:firebase-auth:20.0.2] AndroidManifest.xml:27:9-44:20
77            android:name="com.google.firebase.auth.internal.GenericIdpActivity"
77-->[com.google.firebase:firebase-auth:20.0.2] AndroidManifest.xml:28:13-80
78            android:excludeFromRecents="true"
78-->[com.google.firebase:firebase-auth:20.0.2] AndroidManifest.xml:29:13-46
79            android:exported="true"
79-->[com.google.firebase:firebase-auth:20.0.2] AndroidManifest.xml:30:13-36
80            android:launchMode="singleTask"
80-->[com.google.firebase:firebase-auth:20.0.2] AndroidManifest.xml:31:13-44
81            android:theme="@android:style/Theme.Translucent.NoTitleBar" >
81-->[com.google.firebase:firebase-auth:20.0.2] AndroidManifest.xml:32:13-72
82            <intent-filter>
82-->[com.google.firebase:firebase-auth:20.0.2] AndroidManifest.xml:33:13-43:29
83                <action android:name="android.intent.action.VIEW" />
83-->[com.google.firebase:firebase-auth:20.0.2] AndroidManifest.xml:34:17-69
83-->[com.google.firebase:firebase-auth:20.0.2] AndroidManifest.xml:34:25-66
84
85                <category android:name="android.intent.category.DEFAULT" />
85-->[com.google.firebase:firebase-auth:20.0.2] AndroidManifest.xml:36:17-76
85-->[com.google.firebase:firebase-auth:20.0.2] AndroidManifest.xml:36:27-73
86                <category android:name="android.intent.category.BROWSABLE" />
86-->[com.google.firebase:firebase-auth:20.0.2] AndroidManifest.xml:37:17-78
86-->[com.google.firebase:firebase-auth:20.0.2] AndroidManifest.xml:37:27-75
87
88                <data
88-->[com.google.firebase:firebase-auth:20.0.2] AndroidManifest.xml:39:17-42:51
89                    android:host="firebase.auth"
89-->[com.google.firebase:firebase-auth:20.0.2] AndroidManifest.xml:40:21-49
90                    android:path="/"
90-->[com.google.firebase:firebase-auth:20.0.2] AndroidManifest.xml:41:21-37
91                    android:scheme="genericidp" />
91-->[com.google.firebase:firebase-auth:20.0.2] AndroidManifest.xml:42:21-48
92            </intent-filter>
93        </activity>
94        <activity
94-->[com.google.firebase:firebase-auth:20.0.2] AndroidManifest.xml:45:9-62:20
95            android:name="com.google.firebase.auth.internal.RecaptchaActivity"
95-->[com.google.firebase:firebase-auth:20.0.2] AndroidManifest.xml:46:13-79
96            android:excludeFromRecents="true"
96-->[com.google.firebase:firebase-auth:20.0.2] AndroidManifest.xml:47:13-46
97            android:exported="true"
97-->[com.google.firebase:firebase-auth:20.0.2] AndroidManifest.xml:48:13-36
98            android:launchMode="singleTask"
98-->[com.google.firebase:firebase-auth:20.0.2] AndroidManifest.xml:49:13-44
99            android:theme="@android:style/Theme.Translucent.NoTitleBar" >
99-->[com.google.firebase:firebase-auth:20.0.2] AndroidManifest.xml:50:13-72
100            <intent-filter>
100-->[com.google.firebase:firebase-auth:20.0.2] AndroidManifest.xml:51:13-61:29
101                <action android:name="android.intent.action.VIEW" />
101-->[com.google.firebase:firebase-auth:20.0.2] AndroidManifest.xml:34:17-69
101-->[com.google.firebase:firebase-auth:20.0.2] AndroidManifest.xml:34:25-66
102
103                <category android:name="android.intent.category.DEFAULT" />
103-->[com.google.firebase:firebase-auth:20.0.2] AndroidManifest.xml:36:17-76
103-->[com.google.firebase:firebase-auth:20.0.2] AndroidManifest.xml:36:27-73
104                <category android:name="android.intent.category.BROWSABLE" />
104-->[com.google.firebase:firebase-auth:20.0.2] AndroidManifest.xml:37:17-78
104-->[com.google.firebase:firebase-auth:20.0.2] AndroidManifest.xml:37:27-75
105
106                <data
106-->[com.google.firebase:firebase-auth:20.0.2] AndroidManifest.xml:39:17-42:51
107                    android:host="firebase.auth"
107-->[com.google.firebase:firebase-auth:20.0.2] AndroidManifest.xml:40:21-49
108                    android:path="/"
108-->[com.google.firebase:firebase-auth:20.0.2] AndroidManifest.xml:41:21-37
109                    android:scheme="recaptcha" />
109-->[com.google.firebase:firebase-auth:20.0.2] AndroidManifest.xml:42:21-48
110            </intent-filter>
111        </activity>
112
113        <service
113-->[com.google.firebase:firebase-auth:20.0.2] AndroidManifest.xml:64:9-73:19
114            android:name="com.google.firebase.auth.api.fallback.service.FirebaseAuthFallbackService"
114-->[com.google.firebase:firebase-auth:20.0.2] AndroidManifest.xml:65:13-101
115            android:enabled="true"
115-->[com.google.firebase:firebase-auth:20.0.2] AndroidManifest.xml:66:13-35
116            android:exported="false" >
116-->[com.google.firebase:firebase-auth:20.0.2] AndroidManifest.xml:67:13-37
117            <intent-filter>
117-->[com.google.firebase:firebase-auth:20.0.2] AndroidManifest.xml:68:13-72:29
118                <action android:name="com.google.firebase.auth.api.gms.service.START" />
118-->[com.google.firebase:firebase-auth:20.0.2] AndroidManifest.xml:69:17-89
118-->[com.google.firebase:firebase-auth:20.0.2] AndroidManifest.xml:69:25-86
119
120                <category android:name="android.intent.category.DEFAULT" />
120-->[com.google.firebase:firebase-auth:20.0.2] AndroidManifest.xml:36:17-76
120-->[com.google.firebase:firebase-auth:20.0.2] AndroidManifest.xml:36:27-73
121            </intent-filter>
122        </service>
123
124        <receiver
124-->[com.google.firebase:firebase-analytics:9.0.0] AndroidManifest.xml:28:7-34:18
125            android:name="com.google.android.gms.measurement.AppMeasurementReceiver"
125-->[com.google.firebase:firebase-analytics:9.0.0] AndroidManifest.xml:29:11-83
126            android:enabled="true" >
126-->[com.google.firebase:firebase-analytics:9.0.0] AndroidManifest.xml:30:11-33
127            <intent-filter>
127-->[com.google.firebase:firebase-analytics:9.0.0] AndroidManifest.xml:31:9-33:25
128                <action android:name="com.google.android.gms.measurement.UPLOAD" />
128-->[com.google.firebase:firebase-analytics:9.0.0] AndroidManifest.xml:32:11-77
128-->[com.google.firebase:firebase-analytics:9.0.0] AndroidManifest.xml:32:19-75
129            </intent-filter>
130        </receiver>
131
132        <service
132-->[com.google.firebase:firebase-analytics:9.0.0] AndroidManifest.xml:36:7-39:37
133            android:name="com.google.android.gms.measurement.AppMeasurementService"
133-->[com.google.firebase:firebase-analytics:9.0.0] AndroidManifest.xml:37:11-82
134            android:enabled="true"
134-->[com.google.firebase:firebase-analytics:9.0.0] AndroidManifest.xml:38:11-33
135            android:exported="false" />
135-->[com.google.firebase:firebase-analytics:9.0.0] AndroidManifest.xml:39:11-35
136
137        <receiver
137-->[com.google.firebase:firebase-iid:9.0.0] AndroidManifest.xml:32:9-41:20
138            android:name="com.google.firebase.iid.FirebaseInstanceIdReceiver"
138-->[com.google.firebase:firebase-iid:9.0.0] AndroidManifest.xml:33:13-78
139            android:exported="true"
139-->[com.google.firebase:firebase-iid:9.0.0] AndroidManifest.xml:34:13-36
140            android:permission="com.google.android.c2dm.permission.SEND" >
140-->[com.google.firebase:firebase-iid:9.0.0] AndroidManifest.xml:35:13-73
141            <intent-filter>
141-->[com.google.firebase:firebase-iid:9.0.0] AndroidManifest.xml:36:13-40:29
142                <action android:name="com.google.android.c2dm.intent.RECEIVE" />
142-->[com.google.firebase:firebase-iid:9.0.0] AndroidManifest.xml:37:17-81
142-->[com.google.firebase:firebase-iid:9.0.0] AndroidManifest.xml:37:25-78
143                <action android:name="com.google.android.c2dm.intent.REGISTRATION" />
143-->[com.google.firebase:firebase-iid:9.0.0] AndroidManifest.xml:38:17-86
143-->[com.google.firebase:firebase-iid:9.0.0] AndroidManifest.xml:38:25-83
144
145                <category android:name="com.example.jotno" />
145-->[com.google.firebase:firebase-iid:9.0.0] AndroidManifest.xml:39:17-61
145-->[com.google.firebase:firebase-iid:9.0.0] AndroidManifest.xml:39:27-58
146            </intent-filter>
147        </receiver>
148        <!--
149 Internal (not exported) receiver used by the app to start its own exported services
150             without risk of being spoofed.
151        -->
152        <receiver
152-->[com.google.firebase:firebase-iid:9.0.0] AndroidManifest.xml:45:9-47:40
153            android:name="com.google.firebase.iid.FirebaseInstanceIdInternalReceiver"
153-->[com.google.firebase:firebase-iid:9.0.0] AndroidManifest.xml:46:13-86
154            android:exported="false" />
154-->[com.google.firebase:firebase-iid:9.0.0] AndroidManifest.xml:47:13-37
155        <!--
156 FirebaseInstanceIdService performs security checks at runtime,
157             no need for explicit permissions despite exported="true"
158        -->
159        <service
159-->[com.google.firebase:firebase-iid:9.0.0] AndroidManifest.xml:51:9-57:19
160            android:name="com.google.firebase.iid.FirebaseInstanceIdService"
160-->[com.google.firebase:firebase-iid:9.0.0] AndroidManifest.xml:52:13-77
161            android:exported="true" >
161-->[com.google.firebase:firebase-iid:9.0.0] AndroidManifest.xml:53:13-36
162            <intent-filter android:priority="-500" >
162-->[com.google.firebase:firebase-iid:9.0.0] AndroidManifest.xml:54:13-56:29
162-->[com.google.firebase:firebase-iid:9.0.0] AndroidManifest.xml:54:28-51
163                <action android:name="com.google.firebase.INSTANCE_ID_EVENT" />
163-->[com.google.firebase:firebase-iid:9.0.0] AndroidManifest.xml:55:17-80
163-->[com.google.firebase:firebase-iid:9.0.0] AndroidManifest.xml:55:25-77
164            </intent-filter>
165        </service>
166
167        <provider
167-->[com.google.firebase:firebase-common:19.5.0] AndroidManifest.xml:26:9-31:39
168            android:name="com.google.firebase.provider.FirebaseInitProvider"
168-->[com.google.firebase:firebase-common:19.5.0] AndroidManifest.xml:27:13-77
169            android:authorities="com.example.jotno.firebaseinitprovider"
169-->[com.google.firebase:firebase-common:19.5.0] AndroidManifest.xml:28:13-72
170            android:directBootAware="true"
170-->[com.google.firebase:firebase-common:19.5.0] AndroidManifest.xml:29:13-43
171            android:exported="false"
171-->[com.google.firebase:firebase-common:19.5.0] AndroidManifest.xml:30:13-37
172            android:initOrder="100" />
172-->[com.google.firebase:firebase-common:19.5.0] AndroidManifest.xml:31:13-36
173
174        <activity
174-->[com.google.android.gms:play-services-base:17.1.0] AndroidManifest.xml:23:9-26:75
175            android:name="com.google.android.gms.common.api.GoogleApiActivity"
175-->[com.google.android.gms:play-services-base:17.1.0] AndroidManifest.xml:24:13-79
176            android:exported="false"
176-->[com.google.android.gms:play-services-base:17.1.0] AndroidManifest.xml:25:13-37
177            android:theme="@android:style/Theme.Translucent.NoTitleBar" />
177-->[com.google.android.gms:play-services-base:17.1.0] AndroidManifest.xml:26:13-72
178
179        <meta-data
179-->[com.google.android.gms:play-services-basement:17.1.0] AndroidManifest.xml:23:9-25:69
180            android:name="com.google.android.gms.version"
180-->[com.google.android.gms:play-services-basement:17.1.0] AndroidManifest.xml:24:13-58
181            android:value="@integer/google_play_services_version" />
181-->[com.google.android.gms:play-services-basement:17.1.0] AndroidManifest.xml:25:13-66
182    </application>
183
184</manifest>